* using log directory ‘/Users/ripley/R/packages/tests-devel/anticlust.Rcheck’
* using R Under development (unstable) (2024-04-27 r86487)
* using platform: aarch64-apple-darwin23.4.0
* R was compiled by
    Apple clang version 15.0.0 (clang-1500.3.9.4)
    GNU Fortran (GCC) 12.2.0
* running under: macOS Sonoma 14.4.1
* using session charset: UTF-8
* using option ‘--no-stop-on-test-error’
* checking for file ‘anticlust/DESCRIPTION’ ... OK
* checking extension type ... Package
* this is package ‘anticlust’ version ‘0.8.3’
* package encoding: UTF-8
* checking package namespace information ... OK
* checking package dependencies ... OK
* checking if this is a source package ... OK
* checking if there is a namespace ... OK
* checking for executable files ... OK
* checking for hidden files and directories ... OK
* checking for portable file names ... OK
* checking for sufficient/correct file permissions ... OK
* checking whether package ‘anticlust’ can be installed ... OK
* used C compiler: ‘Apple clang version 15.0.0 (clang-1500.3.9.4)’
* used SDK: ‘MacOSX14.4.sdk’
* checking installed package size ... OK
* checking package directory ... OK
* checking ‘build’ directory ... OK
* checking DESCRIPTION meta-information ... OK
* checking top-level files ... OK
* checking for left-over files ... OK
* checking index information ... OK
* checking package subdirectories ... OK
* checking code files for non-ASCII characters ... OK
* checking R files for syntax errors ... OK
* checking whether the package can be loaded ... OK
* checking whether the package can be loaded with stated dependencies ... OK
* checking whether the package can be unloaded cleanly ... OK
* checking whether the namespace can be loaded with stated dependencies ... OK
* checking whether the namespace can be unloaded cleanly ... OK
* checking loading without being on the library search path ... OK
* checking use of S3 registration ... OK
* checking dependencies in R code ... OK
* checking S3 generic/method consistency ... OK
* checking replacement functions ... OK
* checking foreign function calls ... OK
* checking R code for possible problems ... OK
* checking Rd files ... OK
* checking Rd metadata ... OK
* checking Rd cross-references ... OK
* checking for missing documentation entries ... OK
* checking for code/documentation mismatches ... OK
* checking Rd \usage sections ... OK
* checking Rd contents ... OK
* checking for unstated dependencies in examples ... OK
* checking contents of ‘data’ directory ... OK
* checking data for non-ASCII characters ... OK
* checking LazyData ... OK
* checking data for ASCII and uncompressed saves ... OK
* checking line endings in C/C++/Fortran sources/headers ... OK
* checking pragmas in C/C++ headers and code ... OK
* checking compilation flags used ... OK
* checking compiled code ... OK
* checking installed files from ‘inst/doc’ ... OK
* checking files in ‘vignettes’ ... OK
* checking examples ... OK
* checking for unstated dependencies in ‘tests’ ... OK
* checking tests ...
  Running ‘testthat.R’/Users/ripley/R/R-devel/bin/BATCH: line 60:  4279 Trace/BPT trap: 5       ${R_HOME}/bin/R -f ${in} ${opts} ${R_BATCH_OPTIONS} > ${out} 2>&1
 [20s/20s]
 [20s/20s] ERROR
Running the tests in ‘tests/testthat.R’ failed.
Complete output:
  > 
  > if (!requireNamespace("testthat", quietly = TRUE)) {
  +   stop("The `testthat` package is not available, therefore `anticlust` cannot be tested.")
  + }
  > 
  > library("anticlust")
  > library("testthat")
  > 
  > test_check("anticlust")
  sym_get_col_solution(): No solution has been stored!
  sym_get_col_solution(): No solution has been stored!
  sym_get_col_solution(): No solution has been stored!
  sym_get_col_solution(): No solution has been stored!
  
   *** caught segfault ***
  address 0x1, cause 'invalid permissions'
* checking for unstated dependencies in vignettes ... OK
* checking package vignettes ... OK
* checking re-building of vignette outputs ... [25s/26s] OK
* checking PDF version of manual ... OK
* checking HTML version of manual ... OK
* checking for detritus in the temp directory ... OK
* DONE

Status: 1 ERROR
See
  ‘/Users/ripley/R/packages/tests-devel/anticlust.Rcheck/00check.log’
for details.

       77.26 real        67.46 user         8.21 sys
